  main.cpp
C:\Users\buddy\source\repos\single-aspect search using a common reference\single-aspect search using a common reference\main.cpp(63,20): warning C4244: =: преобразование "int" в "float", возможна потеря данных
C:\Users\buddy\source\repos\single-aspect search using a common reference\single-aspect search using a common reference\main.cpp(72,26): warning C4244: =: преобразование "int" в "float", возможна потеря данных
C:\Users\buddy\source\repos\single-aspect search using a common reference\single-aspect search using a common reference\main.cpp(98,20): warning C4018: <: несоответствие типов со знаком и без знака
C:\Users\buddy\source\repos\single-aspect search using a common reference\single-aspect search using a common reference\main.cpp(100,21): warning C4018: <: несоответствие типов со знаком и без знака
C:\Users\buddy\source\repos\single-aspect search using a common reference\single-aspect search using a common reference\main.cpp(156,6): warning C4101: result: неиспользованная локальная переменная
C:\Users\buddy\source\repos\single-aspect search using a common reference\single-aspect search using a common reference\main.cpp(180,12): warning C4244: аргумент: преобразование "time_t" в "unsigned int", возможна потеря данных
C:\Users\buddy\source\repos\single-aspect search using a common reference\single-aspect search using a common reference\main.cpp(190,20): warning C4018: <: несоответствие типов со знаком и без знака
C:\Users\buddy\source\repos\single-aspect search using a common reference\single-aspect search using a common reference\main.cpp(195,16): warning C4244: =: преобразование "int" в "float", возможна потеря данных
C:\Users\buddy\source\repos\single-aspect search using a common reference\single-aspect search using a common reference\main.cpp(216,23): warning C4018: <: несоответствие типов со знаком и без знака
C:\Users\buddy\source\repos\single-aspect search using a common reference\single-aspect search using a common reference\main.cpp(217,66): warning C4244: аргумент: преобразование "float" в "const unsigned int", возможна потеря данных
C:\Users\buddy\source\repos\single-aspect search using a common reference\single-aspect search using a common reference\main.cpp(220,61): warning C4244: аргумент: преобразование "float" в "const unsigned int", возможна потеря данных
C:\Users\buddy\source\repos\single-aspect search using a common reference\single-aspect search using a common reference\main.cpp(221,66): warning C4244: аргумент: преобразование "float" в "const unsigned int", возможна потеря данных
C:\Users\buddy\source\repos\single-aspect search using a common reference\single-aspect search using a common reference\main.cpp(224,61): warning C4244: аргумент: преобразование "float" в "const unsigned int", возможна потеря данных
C:\Users\buddy\source\repos\single-aspect search using a common reference\single-aspect search using a common reference\main.cpp(242,53): warning C4244: аргумент: преобразование "float" в "const unsigned int", возможна потеря данных
C:\Users\buddy\source\repos\single-aspect search using a common reference\single-aspect search using a common reference\main.cpp(245,48): warning C4244: аргумент: преобразование "float" в "const unsigned int", возможна потеря данных
C:\Users\buddy\source\repos\single-aspect search using a common reference\single-aspect search using a common reference\main.cpp(246,53): warning C4244: аргумент: преобразование "float" в "const unsigned int", возможна потеря данных
C:\Users\buddy\source\repos\single-aspect search using a common reference\single-aspect search using a common reference\main.cpp(249,48): warning C4244: аргумент: преобразование "float" в "const unsigned int", возможна потеря данных
C:\Users\buddy\source\repos\single-aspect search using a common reference\single-aspect search using a common reference\main.cpp(153): warning C4715: binarySearch: значение возвращается не при всех путях выполнения
  single-aspect search using a common reference.vcxproj -> C:\Users\buddy\source\repos\single-aspect search using a common reference\Debug\single-aspect search using a common reference.exe
